<?xml version="1.0" encoding="UTF-8"?>
<coverage generated="1689691201228" clover="3.2.0">
  <project timestamp="1689691201228" name="All files">
    <metrics statements="9" coveredstatements="7" conditionals="4" coveredconditionals="2" methods="1" coveredmethods="1" elements="14" coveredelements="10" complexity="0" loc="9" ncloc="9" packages="1" files="1" classes="1"/>
    <file name="fuelExpense.js" path="/Users/gabrielalmeida/Desktop/Node/fuelExpense.js">
      <metrics statements="9" coveredstatements="7" conditionals="4" coveredconditionals="2" methods="1" coveredmethods="1"/>
      <line num="2" count="1" type="stmt"/>
      <line num="3" count="1" type="stmt"/>
      <line num="4" count="1" type="stmt"/>
      <line num="6" count="1" type="cond" truecount="1" falsecount="1"/>
      <line num="7" count="0" type="stmt"/>
      <line num="8" count="1" type="cond" truecount="1" falsecount="1"/>
      <line num="9" count="1" type="stmt"/>
      <line num="11" count="0" type="stmt"/>
      <line num="15" count="1" type="stmt"/>
    </file>
  </project>
</coverage>
